[Mon Feb 14 09:03:49.582356 2022] [ssl:warn] [pid 10376:tid 516] AH01909: www.example.com:443:0 server certificate does NOT include an ID which matches the server name
[Mon Feb 14 09:03:49.644972 2022] [ssl:warn] [pid 10376:tid 516] AH01909: www.example.com:443:0 server certificate does NOT include an ID which matches the server name
[Mon Feb 14 09:03:50.752600 2022] [mpm_winnt:notice] [pid 10376:tid 516] AH00455: Apache/2.4.52 (Win64) OpenSSL/1.1.1m PHP/8.1.2 configured -- resuming normal operations
[Mon Feb 14 09:03:50.752600 2022] [mpm_winnt:notice] [pid 10376:tid 516] AH00456: Apache Lounge VS16 Server built: Dec 17 2021 10:17:38
[Mon Feb 14 09:03:50.752600 2022] [core:notice] [pid 10376:tid 516] AH00094: Command line: 'C:\\xampp\\apache\\bin\\httpd.exe -d C:/xampp/apache'
[Mon Feb 14 09:03:50.767846 2022] [mpm_winnt:notice] [pid 10376:tid 516] AH00418: Parent: Created child process 8316
[Mon Feb 14 09:03:51.174408 2022] [ssl:warn] [pid 8316:tid 604] AH01909: www.example.com:443:0 server certificate does NOT include an ID which matches the server name
[Mon Feb 14 09:03:51.236382 2022] [ssl:warn] [pid 8316:tid 604] AH01909: www.example.com:443:0 server certificate does NOT include an ID which matches the server name
[Mon Feb 14 09:03:51.274989 2022] [mpm_winnt:notice] [pid 8316:tid 604] AH00354: Child: Starting 150 worker threads.
[Tue Sep 06 22:04:46.083258 2022] [ssl:warn] [pid 7972:tid 608] AH01909: www.example.com:443:0 server certificate does NOT include an ID which matches the server name
[Tue Sep 06 22:04:46.127783 2022] [ssl:warn] [pid 7972:tid 608] AH01909: www.example.com:443:0 server certificate does NOT include an ID which matches the server name
[Tue Sep 06 22:04:46.457949 2022] [mpm_winnt:notice] [pid 7972:tid 608] AH00455: Apache/2.4.52 (Win64) OpenSSL/1.1.1m PHP/8.1.2 configured -- resuming normal operations
[Tue Sep 06 22:04:46.457949 2022] [mpm_winnt:notice] [pid 7972:tid 608] AH00456: Apache Lounge VS16 Server built: Dec 17 2021 10:17:38
[Tue Sep 06 22:04:46.457949 2022] [core:notice] [pid 7972:tid 608] AH00094: Command line: 'c:\\xampp\\apache\\bin\\httpd.exe -d C:/xampp/apache'
[Tue Sep 06 22:04:46.477571 2022] [mpm_winnt:notice] [pid 7972:tid 608] AH00418: Parent: Created child process 9072
[Tue Sep 06 22:04:46.807592 2022] [ssl:warn] [pid 9072:tid 620] AH01909: www.example.com:443:0 server certificate does NOT include an ID which matches the server name
[Tue Sep 06 22:04:46.837881 2022] [ssl:warn] [pid 9072:tid 620] AH01909: www.example.com:443:0 server certificate does NOT include an ID which matches the server name
[Tue Sep 06 22:04:46.877826 2022] [mpm_winnt:notice] [pid 9072:tid 620] AH00354: Child: Starting 150 worker threads.
[Sat Dec 31 00:37:44.800049 2022] [ssl:warn] [pid 24944:tid 652] AH01909: www.example.com:443:0 server certificate does NOT include an ID which matches the server name
[Sat Dec 31 00:37:44.860617 2022] [core:warn] [pid 24944:tid 652] AH00098: pid file C:/xampp/apache/logs/httpd.pid overwritten -- Unclean shutdown of previous Apache run?
[Sat Dec 31 00:37:44.863876 2022] [ssl:warn] [pid 24944:tid 652] AH01909: www.example.com:443:0 server certificate does NOT include an ID which matches the server name
[Sat Dec 31 00:37:45.170121 2022] [mpm_winnt:notice] [pid 24944:tid 652] AH00455: Apache/2.4.52 (Win64) OpenSSL/1.1.1m PHP/8.1.2 configured -- resuming normal operations
[Sat Dec 31 00:37:45.170121 2022] [mpm_winnt:notice] [pid 24944:tid 652] AH00456: Apache Lounge VS16 Server built: Dec 17 2021 10:17:38
[Sat Dec 31 00:37:45.170121 2022] [core:notice] [pid 24944:tid 652] AH00094: Command line: 'c:\\xampp\\apache\\bin\\httpd.exe -d C:/xampp/apache'
[Sat Dec 31 00:37:45.183549 2022] [mpm_winnt:notice] [pid 24944:tid 652] AH00418: Parent: Created child process 24976
[Sat Dec 31 00:37:45.560862 2022] [ssl:warn] [pid 24976:tid 452] AH01909: www.example.com:443:0 server certificate does NOT include an ID which matches the server name
[Sat Dec 31 00:37:45.614500 2022] [ssl:warn] [pid 24976:tid 452] AH01909: www.example.com:443:0 server certificate does NOT include an ID which matches the server name
[Sat Dec 31 00:37:45.669504 2022] [mpm_winnt:notice] [pid 24976:tid 452] AH00354: Child: Starting 150 worker threads.
[Sun Jan 01 09:21:35.346973 2023] [ssl:warn] [pid 15584:tid 400] AH01909: www.example.com:443:0 server certificate does NOT include an ID which matches the server name
[Sun Jan 01 09:21:35.381890 2023] [core:warn] [pid 15584:tid 400] AH00098: pid file C:/xampp/apache/logs/httpd.pid overwritten -- Unclean shutdown of previous Apache run?
[Sun Jan 01 09:21:35.386898 2023] [ssl:warn] [pid 15584:tid 400] AH01909: www.example.com:443:0 server certificate does NOT include an ID which matches the server name
[Sun Jan 01 09:21:35.666810 2023] [mpm_winnt:notice] [pid 15584:tid 400] AH00455: Apache/2.4.52 (Win64) OpenSSL/1.1.1m PHP/8.1.2 configured -- resuming normal operations
[Sun Jan 01 09:21:35.666810 2023] [mpm_winnt:notice] [pid 15584:tid 400] AH00456: Apache Lounge VS16 Server built: Dec 17 2021 10:17:38
[Sun Jan 01 09:21:35.666810 2023] [core:notice] [pid 15584:tid 400] AH00094: Command line: 'c:\\xampp\\apache\\bin\\httpd.exe -d C:/xampp/apache'
[Sun Jan 01 09:21:35.692026 2023] [mpm_winnt:notice] [pid 15584:tid 400] AH00418: Parent: Created child process 22024
[Sun Jan 01 09:21:36.096839 2023] [ssl:warn] [pid 22024:tid 652] AH01909: www.example.com:443:0 server certificate does NOT include an ID which matches the server name
[Sun Jan 01 09:21:36.133669 2023] [ssl:warn] [pid 22024:tid 652] AH01909: www.example.com:443:0 server certificate does NOT include an ID which matches the server name
[Sun Jan 01 09:21:36.166880 2023] [mpm_winnt:notice] [pid 22024:tid 652] AH00354: Child: Starting 150 worker threads.
[Tue Jan 03 16:14:05.563305 2023] [ssl:warn] [pid 14688:tid 616] AH01909: www.example.com:443:0 server certificate does NOT include an ID which matches the server name
[Tue Jan 03 16:14:05.604298 2023] [core:warn] [pid 14688:tid 616] AH00098: pid file C:/xampp/apache/logs/httpd.pid overwritten -- Unclean shutdown of previous Apache run?
[Tue Jan 03 16:14:05.612365 2023] [ssl:warn] [pid 14688:tid 616] AH01909: www.example.com:443:0 server certificate does NOT include an ID which matches the server name
[Tue Jan 03 16:14:05.872015 2023] [mpm_winnt:notice] [pid 14688:tid 616] AH00455: Apache/2.4.52 (Win64) OpenSSL/1.1.1m PHP/8.1.2 configured -- resuming normal operations
[Tue Jan 03 16:14:05.872015 2023] [mpm_winnt:notice] [pid 14688:tid 616] AH00456: Apache Lounge VS16 Server built: Dec 17 2021 10:17:38
[Tue Jan 03 16:14:05.872015 2023] [core:notice] [pid 14688:tid 616] AH00094: Command line: 'c:\\xampp\\apache\\bin\\httpd.exe -d C:/xampp/apache'
[Tue Jan 03 16:14:05.878045 2023] [mpm_winnt:notice] [pid 14688:tid 616] AH00418: Parent: Created child process 17500
[Tue Jan 03 16:14:06.115437 2023] [ssl:warn] [pid 17500:tid 628] AH01909: www.example.com:443:0 server certificate does NOT include an ID which matches the server name
[Tue Jan 03 16:14:06.157423 2023] [ssl:warn] [pid 17500:tid 628] AH01909: www.example.com:443:0 server certificate does NOT include an ID which matches the server name
[Tue Jan 03 16:14:06.197020 2023] [mpm_winnt:notice] [pid 17500:tid 628] AH00354: Child: Starting 150 worker threads.
[Thu Feb 09 09:41:29.204027 2023] [ssl:warn] [pid 17960:tid 436] AH01909: www.example.com:443:0 server certificate does NOT include an ID which matches the server name
[Thu Feb 09 09:41:29.235383 2023] [core:warn] [pid 17960:tid 436] AH00098: pid file C:/xampp/apache/logs/httpd.pid overwritten -- Unclean shutdown of previous Apache run?
[Thu Feb 09 09:41:29.245360 2023] [ssl:warn] [pid 17960:tid 436] AH01909: www.example.com:443:0 server certificate does NOT include an ID which matches the server name
[Thu Feb 09 09:41:29.516505 2023] [mpm_winnt:notice] [pid 17960:tid 436] AH00455: Apache/2.4.52 (Win64) OpenSSL/1.1.1m PHP/8.1.2 configured -- resuming normal operations
[Thu Feb 09 09:41:29.516505 2023] [mpm_winnt:notice] [pid 17960:tid 436] AH00456: Apache Lounge VS16 Server built: Dec 17 2021 10:17:38
[Thu Feb 09 09:41:29.516505 2023] [core:notice] [pid 17960:tid 436] AH00094: Command line: 'c:\\xampp\\apache\\bin\\httpd.exe -d C:/xampp/apache'
[Thu Feb 09 09:41:29.525619 2023] [mpm_winnt:notice] [pid 17960:tid 436] AH00418: Parent: Created child process 10024
[Thu Feb 09 09:41:29.767061 2023] [ssl:warn] [pid 10024:tid 640] AH01909: www.example.com:443:0 server certificate does NOT include an ID which matches the server name
[Thu Feb 09 09:41:29.805642 2023] [ssl:warn] [pid 10024:tid 640] AH01909: www.example.com:443:0 server certificate does NOT include an ID which matches the server name
[Thu Feb 09 09:41:29.835409 2023] [mpm_winnt:notice] [pid 10024:tid 640] AH00354: Child: Starting 150 worker threads.
[Sat Jul 01 21:58:16.464484 2023] [ssl:warn] [pid 47656:tid 616] AH01909: www.example.com:443:0 server certificate does NOT include an ID which matches the server name
[Sat Jul 01 21:58:16.504516 2023] [core:warn] [pid 47656:tid 616] AH00098: pid file C:/xampp/apache/logs/httpd.pid overwritten -- Unclean shutdown of previous Apache run?
[Sat Jul 01 21:58:16.507157 2023] [ssl:warn] [pid 47656:tid 616] AH01909: www.example.com:443:0 server certificate does NOT include an ID which matches the server name
[Sat Jul 01 21:58:16.829693 2023] [mpm_winnt:notice] [pid 47656:tid 616] AH00455: Apache/2.4.52 (Win64) OpenSSL/1.1.1m PHP/8.1.2 configured -- resuming normal operations
[Sat Jul 01 21:58:16.829693 2023] [mpm_winnt:notice] [pid 47656:tid 616] AH00456: Apache Lounge VS16 Server built: Dec 17 2021 10:17:38
[Sat Jul 01 21:58:16.829693 2023] [core:notice] [pid 47656:tid 616] AH00094: Command line: 'c:\\xampp\\apache\\bin\\httpd.exe -d C:/xampp/apache'
[Sat Jul 01 21:58:16.839688 2023] [mpm_winnt:notice] [pid 47656:tid 616] AH00418: Parent: Created child process 21984
[Sat Jul 01 21:58:17.179066 2023] [ssl:warn] [pid 21984:tid 624] AH01909: www.example.com:443:0 server certificate does NOT include an ID which matches the server name
[Sat Jul 01 21:58:17.246358 2023] [ssl:warn] [pid 21984:tid 624] AH01909: www.example.com:443:0 server certificate does NOT include an ID which matches the server name
[Sat Jul 01 21:58:17.296944 2023] [mpm_winnt:notice] [pid 21984:tid 624] AH00354: Child: Starting 150 worker threads.
[Sun Jul 02 13:22:13.143806 2023] [ssl:warn] [pid 36468:tid 104] AH01909: www.example.com:443:0 server certificate does NOT include an ID which matches the server name
[Sun Jul 02 13:22:13.192506 2023] [core:warn] [pid 36468:tid 104] AH00098: pid file C:/xampp/apache/logs/httpd.pid overwritten -- Unclean shutdown of previous Apache run?
[Sun Jul 02 13:22:13.194498 2023] [ssl:warn] [pid 36468:tid 104] AH01909: www.example.com:443:0 server certificate does NOT include an ID which matches the server name
[Sun Jul 02 13:22:13.518977 2023] [mpm_winnt:notice] [pid 36468:tid 104] AH00455: Apache/2.4.52 (Win64) OpenSSL/1.1.1m PHP/8.1.2 configured -- resuming normal operations
[Sun Jul 02 13:22:13.518977 2023] [mpm_winnt:notice] [pid 36468:tid 104] AH00456: Apache Lounge VS16 Server built: Dec 17 2021 10:17:38
[Sun Jul 02 13:22:13.518977 2023] [core:notice] [pid 36468:tid 104] AH00094: Command line: 'c:\\xampp\\apache\\bin\\httpd.exe -d C:/xampp/apache'
[Sun Jul 02 13:22:13.526555 2023] [mpm_winnt:notice] [pid 36468:tid 104] AH00418: Parent: Created child process 57628
[Sun Jul 02 13:22:13.886144 2023] [ssl:warn] [pid 57628:tid 644] AH01909: www.example.com:443:0 server certificate does NOT include an ID which matches the server name
[Sun Jul 02 13:22:13.930976 2023] [ssl:warn] [pid 57628:tid 644] AH01909: www.example.com:443:0 server certificate does NOT include an ID which matches the server name
[Sun Jul 02 13:22:13.977819 2023] [mpm_winnt:notice] [pid 57628:tid 644] AH00354: Child: Starting 150 worker threads.
[Tue Jul 04 17:39:45.995821 2023] [ssl:warn] [pid 78880:tid 648] AH01909: www.example.com:443:0 server certificate does NOT include an ID which matches the server name
[Tue Jul 04 17:39:46.050698 2023] [core:warn] [pid 78880:tid 648] AH00098: pid file C:/xampp/apache/logs/httpd.pid overwritten -- Unclean shutdown of previous Apache run?
[Tue Jul 04 17:39:46.053688 2023] [ssl:warn] [pid 78880:tid 648] AH01909: www.example.com:443:0 server certificate does NOT include an ID which matches the server name
[Tue Jul 04 17:39:46.390578 2023] [mpm_winnt:notice] [pid 78880:tid 648] AH00455: Apache/2.4.52 (Win64) OpenSSL/1.1.1m PHP/8.1.2 configured -- resuming normal operations
[Tue Jul 04 17:39:46.390578 2023] [mpm_winnt:notice] [pid 78880:tid 648] AH00456: Apache Lounge VS16 Server built: Dec 17 2021 10:17:38
[Tue Jul 04 17:39:46.390578 2023] [core:notice] [pid 78880:tid 648] AH00094: Command line: 'c:\\xampp\\apache\\bin\\httpd.exe -d C:/xampp/apache'
[Tue Jul 04 17:39:46.398562 2023] [mpm_winnt:notice] [pid 78880:tid 648] AH00418: Parent: Created child process 42668
[Tue Jul 04 17:39:46.701628 2023] [ssl:warn] [pid 42668:tid 628] AH01909: www.example.com:443:0 server certificate does NOT include an ID which matches the server name
[Tue Jul 04 17:39:46.752793 2023] [ssl:warn] [pid 42668:tid 628] AH01909: www.example.com:443:0 server certificate does NOT include an ID which matches the server name
[Tue Jul 04 17:39:46.793595 2023] [mpm_winnt:notice] [pid 42668:tid 628] AH00354: Child: Starting 150 worker threads.
[Sat Sep 02 21:14:15.918719 2023] [ssl:warn] [pid 37000:tid 632] AH01909: www.example.com:443:0 server certificate does NOT include an ID which matches the server name
[Sat Sep 02 21:14:15.960717 2023] [core:warn] [pid 37000:tid 632] AH00098: pid file C:/xampp/apache/logs/httpd.pid overwritten -- Unclean shutdown of previous Apache run?
[Sat Sep 02 21:14:15.963717 2023] [ssl:warn] [pid 37000:tid 632] AH01909: www.example.com:443:0 server certificate does NOT include an ID which matches the server name
[Sat Sep 02 21:14:16.397259 2023] [mpm_winnt:notice] [pid 37000:tid 632] AH00455: Apache/2.4.52 (Win64) OpenSSL/1.1.1m PHP/8.1.2 configured -- resuming normal operations
[Sat Sep 02 21:14:16.397259 2023] [mpm_winnt:notice] [pid 37000:tid 632] AH00456: Apache Lounge VS16 Server built: Dec 17 2021 10:17:38
[Sat Sep 02 21:14:16.397259 2023] [core:notice] [pid 37000:tid 632] AH00094: Command line: 'c:\\xampp\\apache\\bin\\httpd.exe -d C:/xampp/apache'
[Sat Sep 02 21:14:16.408343 2023] [mpm_winnt:notice] [pid 37000:tid 632] AH00418: Parent: Created child process 9200
[Sat Sep 02 21:14:16.751183 2023] [ssl:warn] [pid 9200:tid 632] AH01909: www.example.com:443:0 server certificate does NOT include an ID which matches the server name
[Sat Sep 02 21:14:16.785187 2023] [ssl:warn] [pid 9200:tid 632] AH01909: www.example.com:443:0 server certificate does NOT include an ID which matches the server name
[Sat Sep 02 21:14:16.818466 2023] [mpm_winnt:notice] [pid 9200:tid 632] AH00354: Child: Starting 150 worker threads.
[Mon Sep 04 20:24:04.227230 2023] [ssl:warn] [pid 36120:tid 100] AH01909: www.example.com:443:0 server certificate does NOT include an ID which matches the server name
[Mon Sep 04 20:24:04.493715 2023] [core:warn] [pid 36120:tid 100] AH00098: pid file C:/xampp/apache/logs/httpd.pid overwritten -- Unclean shutdown of previous Apache run?
[Mon Sep 04 20:24:04.503238 2023] [ssl:warn] [pid 36120:tid 100] AH01909: www.example.com:443:0 server certificate does NOT include an ID which matches the server name
[Mon Sep 04 20:24:06.378454 2023] [mpm_winnt:notice] [pid 36120:tid 100] AH00455: Apache/2.4.52 (Win64) OpenSSL/1.1.1m PHP/8.1.2 configured -- resuming normal operations
[Mon Sep 04 20:24:06.378454 2023] [mpm_winnt:notice] [pid 36120:tid 100] AH00456: Apache Lounge VS16 Server built: Dec 17 2021 10:17:38
[Mon Sep 04 20:24:06.378454 2023] [core:notice] [pid 36120:tid 100] AH00094: Command line: 'c:\\xampp\\apache\\bin\\httpd.exe -d C:/xampp/apache'
[Mon Sep 04 20:24:06.393242 2023] [mpm_winnt:notice] [pid 36120:tid 100] AH00418: Parent: Created child process 32316
[Mon Sep 04 20:24:06.766916 2023] [ssl:warn] [pid 32316:tid 524] AH01909: www.example.com:443:0 server certificate does NOT include an ID which matches the server name
[Mon Sep 04 20:24:06.840514 2023] [ssl:warn] [pid 32316:tid 524] AH01909: www.example.com:443:0 server certificate does NOT include an ID which matches the server name
[Mon Sep 04 20:24:06.893842 2023] [mpm_winnt:notice] [pid 32316:tid 524] AH00354: Child: Starting 150 worker threads.
[Sat Nov 04 12:02:55.690648 2023] [ssl:warn] [pid 98256:tid 724] AH01909: www.example.com:443:0 server certificate does NOT include an ID which matches the server name
[Sat Nov 04 12:02:55.742204 2023] [core:warn] [pid 98256:tid 724] AH00098: pid file C:/xampp/apache/logs/httpd.pid overwritten -- Unclean shutdown of previous Apache run?
[Sat Nov 04 12:02:55.746203 2023] [ssl:warn] [pid 98256:tid 724] AH01909: www.example.com:443:0 server certificate does NOT include an ID which matches the server name
[Sat Nov 04 12:02:56.086068 2023] [mpm_winnt:notice] [pid 98256:tid 724] AH00455: Apache/2.4.52 (Win64) OpenSSL/1.1.1m PHP/8.1.2 configured -- resuming normal operations
[Sat Nov 04 12:02:56.086068 2023] [mpm_winnt:notice] [pid 98256:tid 724] AH00456: Apache Lounge VS16 Server built: Dec 17 2021 10:17:38
[Sat Nov 04 12:02:56.086068 2023] [core:notice] [pid 98256:tid 724] AH00094: Command line: 'c:\\xampp\\apache\\bin\\httpd.exe -d C:/xampp/apache'
[Sat Nov 04 12:02:56.095078 2023] [mpm_winnt:notice] [pid 98256:tid 724] AH00418: Parent: Created child process 82936
[Sat Nov 04 12:02:56.373053 2023] [ssl:warn] [pid 82936:tid 636] AH01909: www.example.com:443:0 server certificate does NOT include an ID which matches the server name
[Sat Nov 04 12:02:56.413598 2023] [ssl:warn] [pid 82936:tid 636] AH01909: www.example.com:443:0 server certificate does NOT include an ID which matches the server name
[Sat Nov 04 12:02:56.450714 2023] [mpm_winnt:notice] [pid 82936:tid 636] AH00354: Child: Starting 150 worker threads.
[Sat Nov 18 14:11:46.556494 2023] [ssl:warn] [pid 30960:tid 632] AH01909: www.example.com:443:0 server certificate does NOT include an ID which matches the server name
[Sat Nov 18 14:11:46.619016 2023] [core:warn] [pid 30960:tid 632] AH00098: pid file C:/xampp/apache/logs/httpd.pid overwritten -- Unclean shutdown of previous Apache run?
[Sat Nov 18 14:11:46.623982 2023] [ssl:warn] [pid 30960:tid 632] AH01909: www.example.com:443:0 server certificate does NOT include an ID which matches the server name
[Sat Nov 18 14:11:47.071097 2023] [mpm_winnt:notice] [pid 30960:tid 632] AH00455: Apache/2.4.52 (Win64) OpenSSL/1.1.1m PHP/8.1.2 configured -- resuming normal operations
[Sat Nov 18 14:11:47.071097 2023] [mpm_winnt:notice] [pid 30960:tid 632] AH00456: Apache Lounge VS16 Server built: Dec 17 2021 10:17:38
[Sat Nov 18 14:11:47.071097 2023] [core:notice] [pid 30960:tid 632] AH00094: Command line: 'c:\\xampp\\apache\\bin\\httpd.exe -d C:/xampp/apache'
[Sat Nov 18 14:11:47.095672 2023] [mpm_winnt:notice] [pid 30960:tid 632] AH00418: Parent: Created child process 26248
[Sat Nov 18 14:11:47.527170 2023] [ssl:warn] [pid 26248:tid 636] AH01909: www.example.com:443:0 server certificate does NOT include an ID which matches the server name
[Sat Nov 18 14:11:47.599215 2023] [ssl:warn] [pid 26248:tid 636] AH01909: www.example.com:443:0 server certificate does NOT include an ID which matches the server name
[Sat Nov 18 14:11:47.660290 2023] [mpm_winnt:notice] [pid 26248:tid 636] AH00354: Child: Starting 150 worker threads.
[Sun Jan 14 22:48:10.299478 2024] [ssl:warn] [pid 38472:tid 628] AH01909: www.example.com:443:0 server certificate does NOT include an ID which matches the server name
[Sun Jan 14 22:48:10.366554 2024] [core:warn] [pid 38472:tid 628] AH00098: pid file C:/xampp/apache/logs/httpd.pid overwritten -- Unclean shutdown of previous Apache run?
[Sun Jan 14 22:48:10.370555 2024] [ssl:warn] [pid 38472:tid 628] AH01909: www.example.com:443:0 server certificate does NOT include an ID which matches the server name
[Sun Jan 14 22:48:10.762829 2024] [mpm_winnt:notice] [pid 38472:tid 628] AH00455: Apache/2.4.52 (Win64) OpenSSL/1.1.1m PHP/8.1.2 configured -- resuming normal operations
[Sun Jan 14 22:48:10.762829 2024] [mpm_winnt:notice] [pid 38472:tid 628] AH00456: Apache Lounge VS16 Server built: Dec 17 2021 10:17:38
[Sun Jan 14 22:48:10.762829 2024] [core:notice] [pid 38472:tid 628] AH00094: Command line: 'c:\\xampp\\apache\\bin\\httpd.exe -d C:/xampp/apache'
[Sun Jan 14 22:48:10.771834 2024] [mpm_winnt:notice] [pid 38472:tid 628] AH00418: Parent: Created child process 26156
[Sun Jan 14 22:48:11.184438 2024] [ssl:warn] [pid 26156:tid 656] AH01909: www.example.com:443:0 server certificate does NOT include an ID which matches the server name
[Sun Jan 14 22:48:11.240536 2024] [ssl:warn] [pid 26156:tid 656] AH01909: www.example.com:443:0 server certificate does NOT include an ID which matches the server name
[Sun Jan 14 22:48:11.282227 2024] [mpm_winnt:notice] [pid 26156:tid 656] AH00354: Child: Starting 150 worker threads.
[Mon Jan 15 16:56:10.974887 2024] [ssl:warn] [pid 7832:tid 520] AH01909: www.example.com:443:0 server certificate does NOT include an ID which matches the server name
[Mon Jan 15 16:56:11.062856 2024] [core:warn] [pid 7832:tid 520] AH00098: pid file C:/xampp/apache/logs/httpd.pid overwritten -- Unclean shutdown of previous Apache run?
[Mon Jan 15 16:56:11.072639 2024] [ssl:warn] [pid 7832:tid 520] AH01909: www.example.com:443:0 server certificate does NOT include an ID which matches the server name
[Mon Jan 15 16:56:11.461589 2024] [mpm_winnt:notice] [pid 7832:tid 520] AH00455: Apache/2.4.52 (Win64) OpenSSL/1.1.1m PHP/8.1.2 configured -- resuming normal operations
[Mon Jan 15 16:56:11.461589 2024] [mpm_winnt:notice] [pid 7832:tid 520] AH00456: Apache Lounge VS16 Server built: Dec 17 2021 10:17:38
[Mon Jan 15 16:56:11.461589 2024] [core:notice] [pid 7832:tid 520] AH00094: Command line: 'c:\\xampp\\apache\\bin\\httpd.exe -d C:/xampp/apache'
[Mon Jan 15 16:56:11.474113 2024] [mpm_winnt:notice] [pid 7832:tid 520] AH00418: Parent: Created child process 29624
[Mon Jan 15 16:56:11.885272 2024] [ssl:warn] [pid 29624:tid 632] AH01909: www.example.com:443:0 server certificate does NOT include an ID which matches the server name
[Mon Jan 15 16:56:11.940416 2024] [ssl:warn] [pid 29624:tid 632] AH01909: www.example.com:443:0 server certificate does NOT include an ID which matches the server name
[Mon Jan 15 16:56:11.980852 2024] [mpm_winnt:notice] [pid 29624:tid 632] AH00354: Child: Starting 150 worker threads.
[Tue Jan 16 09:13:16.773452 2024] [ssl:warn] [pid 36876:tid 640] AH01909: www.example.com:443:0 server certificate does NOT include an ID which matches the server name
[Tue Jan 16 09:13:16.827116 2024] [core:warn] [pid 36876:tid 640] AH00098: pid file C:/xampp/apache/logs/httpd.pid overwritten -- Unclean shutdown of previous Apache run?
[Tue Jan 16 09:13:16.831116 2024] [ssl:warn] [pid 36876:tid 640] AH01909: www.example.com:443:0 server certificate does NOT include an ID which matches the server name
[Tue Jan 16 09:13:17.188456 2024] [mpm_winnt:notice] [pid 36876:tid 640] AH00455: Apache/2.4.52 (Win64) OpenSSL/1.1.1m PHP/8.1.2 configured -- resuming normal operations
[Tue Jan 16 09:13:17.188456 2024] [mpm_winnt:notice] [pid 36876:tid 640] AH00456: Apache Lounge VS16 Server built: Dec 17 2021 10:17:38
[Tue Jan 16 09:13:17.188456 2024] [core:notice] [pid 36876:tid 640] AH00094: Command line: 'c:\\xampp\\apache\\bin\\httpd.exe -d C:/xampp/apache'
[Tue Jan 16 09:13:17.192457 2024] [mpm_winnt:notice] [pid 36876:tid 640] AH00418: Parent: Created child process 15204
[Tue Jan 16 09:13:17.470002 2024] [ssl:warn] [pid 15204:tid 644] AH01909: www.example.com:443:0 server certificate does NOT include an ID which matches the server name
[Tue Jan 16 09:13:17.508146 2024] [ssl:warn] [pid 15204:tid 644] AH01909: www.example.com:443:0 server certificate does NOT include an ID which matches the server name
[Tue Jan 16 09:13:17.546216 2024] [mpm_winnt:notice] [pid 15204:tid 644] AH00354: Child: Starting 150 worker threads.
[Thu Mar 21 15:17:27.715497 2024] [ssl:warn] [pid 38652:tid 640] AH01909: www.example.com:443:0 server certificate does NOT include an ID which matches the server name
[Thu Mar 21 15:17:27.786912 2024] [core:warn] [pid 38652:tid 640] AH00098: pid file C:/xampp/apache/logs/httpd.pid overwritten -- Unclean shutdown of previous Apache run?
[Thu Mar 21 15:17:27.790645 2024] [ssl:warn] [pid 38652:tid 640] AH01909: www.example.com:443:0 server certificate does NOT include an ID which matches the server name
[Thu Mar 21 15:17:28.190167 2024] [mpm_winnt:notice] [pid 38652:tid 640] AH00455: Apache/2.4.52 (Win64) OpenSSL/1.1.1m PHP/8.1.2 configured -- resuming normal operations
[Thu Mar 21 15:17:28.190167 2024] [mpm_winnt:notice] [pid 38652:tid 640] AH00456: Apache Lounge VS16 Server built: Dec 17 2021 10:17:38
[Thu Mar 21 15:17:28.190167 2024] [core:notice] [pid 38652:tid 640] AH00094: Command line: 'c:\\xampp\\apache\\bin\\httpd.exe -d C:/xampp/apache'
[Thu Mar 21 15:17:28.201804 2024] [mpm_winnt:notice] [pid 38652:tid 640] AH00418: Parent: Created child process 21632
[Thu Mar 21 15:17:28.548780 2024] [ssl:warn] [pid 21632:tid 620] AH01909: www.example.com:443:0 server certificate does NOT include an ID which matches the server name
[Thu Mar 21 15:17:28.607981 2024] [ssl:warn] [pid 21632:tid 620] AH01909: www.example.com:443:0 server certificate does NOT include an ID which matches the server name
[Thu Mar 21 15:17:28.657468 2024] [mpm_winnt:notice] [pid 21632:tid 620] AH00354: Child: Starting 150 worker threads.
[Fri Mar 22 11:53:06.892724 2024] [ssl:warn] [pid 48352:tid 100] AH01909: www.example.com:443:0 server certificate does NOT include an ID which matches the server name
[Fri Mar 22 11:53:06.956341 2024] [core:warn] [pid 48352:tid 100] AH00098: pid file C:/xampp/apache/logs/httpd.pid overwritten -- Unclean shutdown of previous Apache run?
[Fri Mar 22 11:53:06.959732 2024] [ssl:warn] [pid 48352:tid 100] AH01909: www.example.com:443:0 server certificate does NOT include an ID which matches the server name
[Fri Mar 22 11:53:07.459966 2024] [mpm_winnt:notice] [pid 48352:tid 100] AH00455: Apache/2.4.52 (Win64) OpenSSL/1.1.1m PHP/8.1.2 configured -- resuming normal operations
[Fri Mar 22 11:53:07.459966 2024] [mpm_winnt:notice] [pid 48352:tid 100] AH00456: Apache Lounge VS16 Server built: Dec 17 2021 10:17:38
[Fri Mar 22 11:53:07.459966 2024] [core:notice] [pid 48352:tid 100] AH00094: Command line: 'c:\\xampp\\apache\\bin\\httpd.exe -d C:/xampp/apache'
[Fri Mar 22 11:53:07.465974 2024] [mpm_winnt:notice] [pid 48352:tid 100] AH00418: Parent: Created child process 14788
[Fri Mar 22 11:53:07.946724 2024] [ssl:warn] [pid 14788:tid 648] AH01909: www.example.com:443:0 server certificate does NOT include an ID which matches the server name
[Fri Mar 22 11:53:07.996271 2024] [ssl:warn] [pid 14788:tid 648] AH01909: www.example.com:443:0 server certificate does NOT include an ID which matches the server name
[Fri Mar 22 11:53:08.055404 2024] [mpm_winnt:notice] [pid 14788:tid 648] AH00354: Child: Starting 150 worker threads.
[Sat Apr 27 17:45:57.821504 2024] [ssl:warn] [pid 14820:tid 632] AH01909: www.example.com:443:0 server certificate does NOT include an ID which matches the server name
[Sat Apr 27 17:45:57.964847 2024] [core:warn] [pid 14820:tid 632] AH00098: pid file C:/xampp/apache/logs/httpd.pid overwritten -- Unclean shutdown of previous Apache run?
[Sat Apr 27 17:45:57.970222 2024] [ssl:warn] [pid 14820:tid 632] AH01909: www.example.com:443:0 server certificate does NOT include an ID which matches the server name
[Sat Apr 27 17:45:58.281507 2024] [mpm_winnt:notice] [pid 14820:tid 632] AH00455: Apache/2.4.52 (Win64) OpenSSL/1.1.1m PHP/8.1.2 configured -- resuming normal operations
[Sat Apr 27 17:45:58.281507 2024] [mpm_winnt:notice] [pid 14820:tid 632] AH00456: Apache Lounge VS16 Server built: Dec 17 2021 10:17:38
[Sat Apr 27 17:45:58.281507 2024] [core:notice] [pid 14820:tid 632] AH00094: Command line: 'c:\\xampp\\apache\\bin\\httpd.exe -d C:/xampp/apache'
[Sat Apr 27 17:45:58.364094 2024] [mpm_winnt:notice] [pid 14820:tid 632] AH00418: Parent: Created child process 1788
[Sat Apr 27 17:46:00.811433 2024] [ssl:warn] [pid 1788:tid 660] AH01909: www.example.com:443:0 server certificate does NOT include an ID which matches the server name
[Sat Apr 27 17:46:00.981352 2024] [ssl:warn] [pid 1788:tid 660] AH01909: www.example.com:443:0 server certificate does NOT include an ID which matches the server name
[Sat Apr 27 17:46:01.098898 2024] [mpm_winnt:notice] [pid 1788:tid 660] AH00354: Child: Starting 150 worker threads.
[Tue May 07 15:34:14.388619 2024] [ssl:warn] [pid 30060:tid 624] AH01909: www.example.com:443:0 server certificate does NOT include an ID which matches the server name
[Tue May 07 15:34:14.441917 2024] [core:warn] [pid 30060:tid 624] AH00098: pid file C:/xampp/apache/logs/httpd.pid overwritten -- Unclean shutdown of previous Apache run?
[Tue May 07 15:34:14.444542 2024] [ssl:warn] [pid 30060:tid 624] AH01909: www.example.com:443:0 server certificate does NOT include an ID which matches the server name
[Tue May 07 15:34:14.530550 2024] [mpm_winnt:notice] [pid 30060:tid 624] AH00455: Apache/2.4.52 (Win64) OpenSSL/1.1.1m PHP/8.1.2 configured -- resuming normal operations
[Tue May 07 15:34:14.530550 2024] [mpm_winnt:notice] [pid 30060:tid 624] AH00456: Apache Lounge VS16 Server built: Dec 17 2021 10:17:38
[Tue May 07 15:34:14.530550 2024] [core:notice] [pid 30060:tid 624] AH00094: Command line: 'c:\\xampp\\apache\\bin\\httpd.exe -d C:/xampp/apache'
[Tue May 07 15:34:14.544539 2024] [mpm_winnt:notice] [pid 30060:tid 624] AH00418: Parent: Created child process 10236
[Tue May 07 15:34:15.050299 2024] [ssl:warn] [pid 10236:tid 572] AH01909: www.example.com:443:0 server certificate does NOT include an ID which matches the server name
[Tue May 07 15:34:15.169464 2024] [ssl:warn] [pid 10236:tid 572] AH01909: www.example.com:443:0 server certificate does NOT include an ID which matches the server name
[Tue May 07 15:34:15.346407 2024] [mpm_winnt:notice] [pid 10236:tid 572] AH00354: Child: Starting 150 worker threads.
[Wed May 08 15:52:44.254634 2024] [ssl:warn] [pid 8604:tid 648] AH01909: www.example.com:443:0 server certificate does NOT include an ID which matches the server name
[Wed May 08 15:52:44.567364 2024] [core:warn] [pid 8604:tid 648] AH00098: pid file C:/xampp/apache/logs/httpd.pid overwritten -- Unclean shutdown of previous Apache run?
[Wed May 08 15:52:44.573884 2024] [ssl:warn] [pid 8604:tid 648] AH01909: www.example.com:443:0 server certificate does NOT include an ID which matches the server name
[Wed May 08 15:52:45.525090 2024] [mpm_winnt:notice] [pid 8604:tid 648] AH00455: Apache/2.4.52 (Win64) OpenSSL/1.1.1m PHP/8.1.2 configured -- resuming normal operations
[Wed May 08 15:52:45.525090 2024] [mpm_winnt:notice] [pid 8604:tid 648] AH00456: Apache Lounge VS16 Server built: Dec 17 2021 10:17:38
[Wed May 08 15:52:45.525090 2024] [core:notice] [pid 8604:tid 648] AH00094: Command line: 'c:\\xampp\\apache\\bin\\httpd.exe -d C:/xampp/apache'
[Wed May 08 15:52:45.567108 2024] [mpm_winnt:notice] [pid 8604:tid 648] AH00418: Parent: Created child process 20328
[Wed May 08 15:52:50.601414 2024] [ssl:warn] [pid 20328:tid 632] AH01909: www.example.com:443:0 server certificate does NOT include an ID which matches the server name
[Wed May 08 15:52:50.969091 2024] [ssl:warn] [pid 20328:tid 632] AH01909: www.example.com:443:0 server certificate does NOT include an ID which matches the server name
[Wed May 08 15:52:51.544435 2024] [mpm_winnt:notice] [pid 20328:tid 632] AH00354: Child: Starting 150 worker threads.
[Wed May 08 16:53:01.463385 2024] [php:error] [pid 20328:tid 1960] [client ::1:56259] script 'C:/xampp/htdocs/website TA/adminpanel/home.php' not found or unable to stat
[Sat May 11 16:13:06.930044 2024] [ssl:warn] [pid 35200:tid 428] AH01909: www.example.com:443:0 server certificate does NOT include an ID which matches the server name
[Sat May 11 16:13:06.998530 2024] [core:warn] [pid 35200:tid 428] AH00098: pid file C:/xampp/apache/logs/httpd.pid overwritten -- Unclean shutdown of previous Apache run?
[Sat May 11 16:13:07.002820 2024] [ssl:warn] [pid 35200:tid 428] AH01909: www.example.com:443:0 server certificate does NOT include an ID which matches the server name
[Sat May 11 16:13:07.122295 2024] [mpm_winnt:notice] [pid 35200:tid 428] AH00455: Apache/2.4.52 (Win64) OpenSSL/1.1.1m PHP/8.1.2 configured -- resuming normal operations
[Sat May 11 16:13:07.122295 2024] [mpm_winnt:notice] [pid 35200:tid 428] AH00456: Apache Lounge VS16 Server built: Dec 17 2021 10:17:38
[Sat May 11 16:13:07.122295 2024] [core:notice] [pid 35200:tid 428] AH00094: Command line: 'c:\\xampp\\apache\\bin\\httpd.exe -d C:/xampp/apache'
[Sat May 11 16:13:07.136738 2024] [mpm_winnt:notice] [pid 35200:tid 428] AH00418: Parent: Created child process 40656
[Sat May 11 16:13:07.517822 2024] [ssl:warn] [pid 40656:tid 644] AH01909: www.example.com:443:0 server certificate does NOT include an ID which matches the server name
[Sat May 11 16:13:07.575869 2024] [ssl:warn] [pid 40656:tid 644] AH01909: www.example.com:443:0 server certificate does NOT include an ID which matches the server name
[Sat May 11 16:13:07.620066 2024] [mpm_winnt:notice] [pid 40656:tid 644] AH00354: Child: Starting 150 worker threads.
[Sat May 11 16:27:07.235297 2024] [php:error] [pid 40656:tid 1856] [client ::1:62322] script 'C:/xampp/htdocs/website TA/adminpanel/ruangtamu.php' not found or unable to stat, referer: http://localhost/website%20TA/adminpanel/
[Sun May 12 14:09:41.517464 2024] [ssl:warn] [pid 58540:tid 600] AH01909: www.example.com:443:0 server certificate does NOT include an ID which matches the server name
[Sun May 12 14:09:41.649585 2024] [core:warn] [pid 58540:tid 600] AH00098: pid file C:/xampp/apache/logs/httpd.pid overwritten -- Unclean shutdown of previous Apache run?
[Sun May 12 14:09:41.653245 2024] [ssl:warn] [pid 58540:tid 600] AH01909: www.example.com:443:0 server certificate does NOT include an ID which matches the server name
[Sun May 12 14:09:41.907278 2024] [mpm_winnt:notice] [pid 58540:tid 600] AH00455: Apache/2.4.52 (Win64) OpenSSL/1.1.1m PHP/8.1.2 configured -- resuming normal operations
[Sun May 12 14:09:41.907278 2024] [mpm_winnt:notice] [pid 58540:tid 600] AH00456: Apache Lounge VS16 Server built: Dec 17 2021 10:17:38
[Sun May 12 14:09:41.907278 2024] [core:notice] [pid 58540:tid 600] AH00094: Command line: 'c:\\xampp\\apache\\bin\\httpd.exe -d C:/xampp/apache'
[Sun May 12 14:09:42.077955 2024] [mpm_winnt:notice] [pid 58540:tid 600] AH00418: Parent: Created child process 58788
[Sun May 12 14:09:42.888876 2024] [ssl:warn] [pid 58788:tid 640] AH01909: www.example.com:443:0 server certificate does NOT include an ID which matches the server name
[Sun May 12 14:09:43.095024 2024] [ssl:warn] [pid 58788:tid 640] AH01909: www.example.com:443:0 server certificate does NOT include an ID which matches the server name
[Sun May 12 14:09:43.183574 2024] [mpm_winnt:notice] [pid 58788:tid 640] AH00354: Child: Starting 150 worker threads.
[Sun May 12 14:28:15.845477 2024] [php:error] [pid 58788:tid 1956] [client ::1:58069] script 'C:/xampp/htdocs/website TA/adminpanel/sofa.php' not found or unable to stat, referer: http://localhost/website%20TA/adminpanel/ruangtamu.php
[Sun May 12 14:58:34.146545 2024] [php:error] [pid 58788:tid 1952] [client ::1:60180] script 'C:/xampp/htdocs/WEB TA (Revisi)/sofa.php' not found or unable to stat, referer: http://localhost/WEB%20TA%20(Revisi)/ruangtamu.php
[Sun May 12 14:58:55.802447 2024] [php:error] [pid 58788:tid 1952] [client ::1:60210] script 'C:/xampp/htdocs/WEB TA (Revisi)/view/home.php' not found or unable to stat, referer: http://localhost/WEB%20TA%20(Revisi)/view/sofa.php
[Sun May 12 14:59:22.302881 2024] [php:error] [pid 58788:tid 1952] [client ::1:60245] script 'C:/xampp/htdocs/WEB TA (Revisi)/ruangtamu.php' not found or unable to stat, referer: http://localhost/WEB%20TA%20(Revisi)/home.php
[Sun May 12 14:59:49.931273 2024] [php:error] [pid 58788:tid 1960] [client ::1:60275] script 'C:/xampp/htdocs/WEB TA (Revisi)/kategori.php' not found or unable to stat, referer: http://localhost/WEB%20TA%20(Revisi)/home.php
[Sun May 12 15:17:30.155596 2024] [core:error] [pid 58788:tid 1952] (20024)The given path is misformatted or contained invalid characters: [client ::1:61638] AH00127: Cannot map GET /WEB%20TA%20(Revisi)/view/.../style/style.css HTTP/1.1 to file, referer: http://localhost/WEB%20TA%20(Revisi)/view/home.php
[Sun May 12 15:17:33.936653 2024] [core:error] [pid 58788:tid 1952] (20024)The given path is misformatted or contained invalid characters: [client ::1:61638] AH00127: Cannot map GET /WEB%20TA%20(Revisi)/view/.../style/style.css HTTP/1.1 to file, referer: http://localhost/WEB%20TA%20(Revisi)/view/home.php
[Mon May 13 13:43:17.623613 2024] [ssl:warn] [pid 62376:tid 640] AH01909: www.example.com:443:0 server certificate does NOT include an ID which matches the server name
[Mon May 13 13:43:18.016055 2024] [core:warn] [pid 62376:tid 640] AH00098: pid file C:/xampp/apache/logs/httpd.pid overwritten -- Unclean shutdown of previous Apache run?
[Mon May 13 13:43:18.030473 2024] [ssl:warn] [pid 62376:tid 640] AH01909: www.example.com:443:0 server certificate does NOT include an ID which matches the server name
[Mon May 13 13:43:18.381808 2024] [mpm_winnt:notice] [pid 62376:tid 640] AH00455: Apache/2.4.52 (Win64) OpenSSL/1.1.1m PHP/8.1.2 configured -- resuming normal operations
[Mon May 13 13:43:18.381808 2024] [mpm_winnt:notice] [pid 62376:tid 640] AH00456: Apache Lounge VS16 Server built: Dec 17 2021 10:17:38
[Mon May 13 13:43:18.381808 2024] [core:notice] [pid 62376:tid 640] AH00094: Command line: 'c:\\xampp\\apache\\bin\\httpd.exe -d C:/xampp/apache'
[Mon May 13 13:43:18.482081 2024] [mpm_winnt:notice] [pid 62376:tid 640] AH00418: Parent: Created child process 61736
[Mon May 13 13:43:19.904806 2024] [ssl:warn] [pid 61736:tid 500] AH01909: www.example.com:443:0 server certificate does NOT include an ID which matches the server name
[Mon May 13 13:43:20.128509 2024] [ssl:warn] [pid 61736:tid 500] AH01909: www.example.com:443:0 server certificate does NOT include an ID which matches the server name
[Mon May 13 13:43:20.321963 2024] [mpm_winnt:notice] [pid 61736:tid 500] AH00354: Child: Starting 150 worker threads.
[Tue May 14 12:07:29.789245 2024] [ssl:warn] [pid 65984:tid 768] AH01909: www.example.com:443:0 server certificate does NOT include an ID which matches the server name
[Tue May 14 12:07:29.975109 2024] [core:warn] [pid 65984:tid 768] AH00098: pid file C:/xampp/apache/logs/httpd.pid overwritten -- Unclean shutdown of previous Apache run?
[Tue May 14 12:07:29.980104 2024] [ssl:warn] [pid 65984:tid 768] AH01909: www.example.com:443:0 server certificate does NOT include an ID which matches the server name
[Tue May 14 12:07:30.094604 2024] [mpm_winnt:notice] [pid 65984:tid 768] AH00455: Apache/2.4.52 (Win64) OpenSSL/1.1.1m PHP/8.1.2 configured -- resuming normal operations
[Tue May 14 12:07:30.094604 2024] [mpm_winnt:notice] [pid 65984:tid 768] AH00456: Apache Lounge VS16 Server built: Dec 17 2021 10:17:38
[Tue May 14 12:07:30.094604 2024] [core:notice] [pid 65984:tid 768] AH00094: Command line: 'c:\\xampp\\apache\\bin\\httpd.exe -d C:/xampp/apache'
[Tue May 14 12:07:30.117074 2024] [mpm_winnt:notice] [pid 65984:tid 768] AH00418: Parent: Created child process 57428
[Tue May 14 12:07:31.025486 2024] [ssl:warn] [pid 57428:tid 696] AH01909: www.example.com:443:0 server certificate does NOT include an ID which matches the server name
[Tue May 14 12:07:31.192248 2024] [ssl:warn] [pid 57428:tid 696] AH01909: www.example.com:443:0 server certificate does NOT include an ID which matches the server name
[Tue May 14 12:07:31.303420 2024] [mpm_winnt:notice] [pid 57428:tid 696] AH00354: Child: Starting 150 worker threads.
[Tue May 14 14:21:06.441394 2024] [php:error] [pid 57428:tid 1944] [client ::1:54312] script 'C:/xampp/htdocs/WEB TA (Revisi)/lemari.php' not found or unable to stat, referer: http://localhost/WEB%20TA%20(Revisi)/ruangtamu.php
[Tue May 14 17:34:22.150509 2024] [ssl:warn] [pid 6112:tid 624] AH01909: www.example.com:443:0 server certificate does NOT include an ID which matches the server name
[Tue May 14 17:34:22.345253 2024] [core:warn] [pid 6112:tid 624] AH00098: pid file C:/xampp/apache/logs/httpd.pid overwritten -- Unclean shutdown of previous Apache run?
[Tue May 14 17:34:22.353783 2024] [ssl:warn] [pid 6112:tid 624] AH01909: www.example.com:443:0 server certificate does NOT include an ID which matches the server name
[Tue May 14 17:34:23.322977 2024] [mpm_winnt:notice] [pid 6112:tid 624] AH00455: Apache/2.4.52 (Win64) OpenSSL/1.1.1m PHP/8.1.2 configured -- resuming normal operations
[Tue May 14 17:34:23.322977 2024] [mpm_winnt:notice] [pid 6112:tid 624] AH00456: Apache Lounge VS16 Server built: Dec 17 2021 10:17:38
[Tue May 14 17:34:23.322977 2024] [core:notice] [pid 6112:tid 624] AH00094: Command line: 'c:\\xampp\\apache\\bin\\httpd.exe -d C:/xampp/apache'
[Tue May 14 17:34:23.337064 2024] [mpm_winnt:notice] [pid 6112:tid 624] AH00418: Parent: Created child process 19776
[Tue May 14 17:34:23.988607 2024] [ssl:warn] [pid 19776:tid 660] AH01909: www.example.com:443:0 server certificate does NOT include an ID which matches the server name
[Tue May 14 17:34:24.069012 2024] [ssl:warn] [pid 19776:tid 660] AH01909: www.example.com:443:0 server certificate does NOT include an ID which matches the server name
[Tue May 14 17:34:24.141653 2024] [mpm_winnt:notice] [pid 19776:tid 660] AH00354: Child: Starting 150 worker threads.
[Wed May 15 12:44:24.141299 2024] [ssl:warn] [pid 28240:tid 628] AH01909: www.example.com:443:0 server certificate does NOT include an ID which matches the server name
[Wed May 15 12:44:24.265339 2024] [core:warn] [pid 28240:tid 628] AH00098: pid file C:/xampp/apache/logs/httpd.pid overwritten -- Unclean shutdown of previous Apache run?
[Wed May 15 12:44:24.275877 2024] [ssl:warn] [pid 28240:tid 628] AH01909: www.example.com:443:0 server certificate does NOT include an ID which matches the server name
[Wed May 15 12:44:24.524401 2024] [mpm_winnt:notice] [pid 28240:tid 628] AH00455: Apache/2.4.52 (Win64) OpenSSL/1.1.1m PHP/8.1.2 configured -- resuming normal operations
[Wed May 15 12:44:24.524401 2024] [mpm_winnt:notice] [pid 28240:tid 628] AH00456: Apache Lounge VS16 Server built: Dec 17 2021 10:17:38
[Wed May 15 12:44:24.524401 2024] [core:notice] [pid 28240:tid 628] AH00094: Command line: 'c:\\xampp\\apache\\bin\\httpd.exe -d C:/xampp/apache'
[Wed May 15 12:44:24.551006 2024] [mpm_winnt:notice] [pid 28240:tid 628] AH00418: Parent: Created child process 25168
[Wed May 15 12:44:25.446793 2024] [ssl:warn] [pid 25168:tid 724] AH01909: www.example.com:443:0 server certificate does NOT include an ID which matches the server name
[Wed May 15 12:44:25.574387 2024] [ssl:warn] [pid 25168:tid 724] AH01909: www.example.com:443:0 server certificate does NOT include an ID which matches the server name
[Wed May 15 12:44:25.682404 2024] [mpm_winnt:notice] [pid 25168:tid 724] AH00354: Child: Starting 150 worker threads.
[Wed May 15 14:23:39.315958 2024] [ssl:warn] [pid 31948:tid 636] AH01909: www.example.com:443:0 server certificate does NOT include an ID which matches the server name
[Wed May 15 14:23:39.365362 2024] [core:warn] [pid 31948:tid 636] AH00098: pid file C:/xampp/apache/logs/httpd.pid overwritten -- Unclean shutdown of previous Apache run?
[Wed May 15 14:23:39.368361 2024] [ssl:warn] [pid 31948:tid 636] AH01909: www.example.com:443:0 server certificate does NOT include an ID which matches the server name
[Wed May 15 14:23:39.440591 2024] [mpm_winnt:notice] [pid 31948:tid 636] AH00455: Apache/2.4.52 (Win64) OpenSSL/1.1.1m PHP/8.1.2 configured -- resuming normal operations
[Wed May 15 14:23:39.440591 2024] [mpm_winnt:notice] [pid 31948:tid 636] AH00456: Apache Lounge VS16 Server built: Dec 17 2021 10:17:38
[Wed May 15 14:23:39.440591 2024] [core:notice] [pid 31948:tid 636] AH00094: Command line: 'c:\\xampp\\apache\\bin\\httpd.exe -d C:/xampp/apache'
[Wed May 15 14:23:39.445622 2024] [mpm_winnt:notice] [pid 31948:tid 636] AH00418: Parent: Created child process 24424
[Wed May 15 14:23:39.754875 2024] [ssl:warn] [pid 24424:tid 572] AH01909: www.example.com:443:0 server certificate does NOT include an ID which matches the server name
[Wed May 15 14:23:39.801702 2024] [ssl:warn] [pid 24424:tid 572] AH01909: www.example.com:443:0 server certificate does NOT include an ID which matches the server name
[Wed May 15 14:23:39.838370 2024] [mpm_winnt:notice] [pid 24424:tid 572] AH00354: Child: Starting 150 worker threads.
[Wed May 15 14:35:26.382274 2024] [ssl:warn] [pid 12712:tid 644] AH01909: www.example.com:443:0 server certificate does NOT include an ID which matches the server name
[Wed May 15 14:35:26.445337 2024] [core:warn] [pid 12712:tid 644] AH00098: pid file C:/xampp/apache/logs/httpd.pid overwritten -- Unclean shutdown of previous Apache run?
[Wed May 15 14:35:26.449340 2024] [ssl:warn] [pid 12712:tid 644] AH01909: www.example.com:443:0 server certificate does NOT include an ID which matches the server name
[Wed May 15 14:35:26.837256 2024] [mpm_winnt:notice] [pid 12712:tid 644] AH00455: Apache/2.4.52 (Win64) OpenSSL/1.1.1m PHP/8.1.2 configured -- resuming normal operations
[Wed May 15 14:35:26.838251 2024] [mpm_winnt:notice] [pid 12712:tid 644] AH00456: Apache Lounge VS16 Server built: Dec 17 2021 10:17:38
[Wed May 15 14:35:26.838251 2024] [core:notice] [pid 12712:tid 644] AH00094: Command line: 'c:\\xampp\\apache\\bin\\httpd.exe -d C:/xampp/apache'
[Wed May 15 14:35:26.847740 2024] [mpm_winnt:notice] [pid 12712:tid 644] AH00418: Parent: Created child process 21176
[Wed May 15 14:35:27.170338 2024] [ssl:warn] [pid 21176:tid 668] AH01909: www.example.com:443:0 server certificate does NOT include an ID which matches the server name
[Wed May 15 14:35:27.236612 2024] [ssl:warn] [pid 21176:tid 668] AH01909: www.example.com:443:0 server certificate does NOT include an ID which matches the server name
[Wed May 15 14:35:27.278587 2024] [mpm_winnt:notice] [pid 21176:tid 668] AH00354: Child: Starting 150 worker threads.
[Wed May 15 14:41:09.778448 2024] [php:error] [pid 21176:tid 1880] [client ::1:51001] PHP Fatal error:  Maximum execution time of 120 seconds exceeded in C:\\xampp\\phpMyAdmin\\libraries\\classes\\ErrorHandler.php on line 177
[Wed May 15 14:48:04.476338 2024] [ssl:warn] [pid 25224:tid 100] AH01909: www.example.com:443:0 server certificate does NOT include an ID which matches the server name
[Wed May 15 14:48:04.538380 2024] [core:warn] [pid 25224:tid 100] AH00098: pid file C:/xampp/apache/logs/httpd.pid overwritten -- Unclean shutdown of previous Apache run?
[Wed May 15 14:48:04.541562 2024] [ssl:warn] [pid 25224:tid 100] AH01909: www.example.com:443:0 server certificate does NOT include an ID which matches the server name
[Wed May 15 14:48:04.940849 2024] [mpm_winnt:notice] [pid 25224:tid 100] AH00455: Apache/2.4.52 (Win64) OpenSSL/1.1.1m PHP/8.1.2 configured -- resuming normal operations
[Wed May 15 14:48:04.940849 2024] [mpm_winnt:notice] [pid 25224:tid 100] AH00456: Apache Lounge VS16 Server built: Dec 17 2021 10:17:38
[Wed May 15 14:48:04.940849 2024] [core:notice] [pid 25224:tid 100] AH00094: Command line: 'c:\\xampp\\apache\\bin\\httpd.exe -d C:/xampp/apache'
[Wed May 15 14:48:04.945859 2024] [mpm_winnt:notice] [pid 25224:tid 100] AH00418: Parent: Created child process 5232
[Wed May 15 14:48:05.260901 2024] [ssl:warn] [pid 5232:tid 668] AH01909: www.example.com:443:0 server certificate does NOT include an ID which matches the server name
[Wed May 15 14:48:05.313862 2024] [ssl:warn] [pid 5232:tid 668] AH01909: www.example.com:443:0 server certificate does NOT include an ID which matches the server name
[Wed May 15 14:48:05.354935 2024] [mpm_winnt:notice] [pid 5232:tid 668] AH00354: Child: Starting 150 worker threads.
[Wed May 15 14:58:52.112214 2024] [php:error] [pid 5232:tid 1888] [client ::1:52022] PHP Fatal error:  Maximum execution time of 120 seconds exceeded in C:\\xampp\\phpMyAdmin\\libraries\\classes\\ErrorHandler.php on line 177
[Wed May 15 14:58:52.112214 2024] [php:error] [pid 5232:tid 1880] [client ::1:52124] PHP Fatal error:  Maximum execution time of 120 seconds exceeded in C:\\xampp\\phpMyAdmin\\libraries\\classes\\ErrorHandler.php on line 177
